# JRE version: OpenJDK Runtime Environment Temurin-21.0.8+9 (21.0.8+9) (build 21.0.8+9-LTS)
# Java VM: OpenJDK 64-Bit Server VM Temurin-21.0.8+9 (21.0.8+9-LTS, mixed mode, sharing, tiered, compressed oops, compressed class ptrs, parallel gc, windows-amd64)
GC Precious Log:
 CardTable entry size: 512
 CPUs: 4 total, 4 available
 Memory: 8074M
 Large Page Support: Disabled
 NUMA Support: Disabled
 Compressed Oops: Enabled (32-bit)
 Alignments: Space 512K, Generation 512K, Heap 2M
 Heap Min Capacity: 100M
 Heap Initial Capacity: 100M
 Heap Max Capacity: 2G
 Pre-touch: Disabled
 Parallel Workers: 4
Heap:
 PSYoungGen      total 25088K, used 24616K [0x00000000d5580000, 0x00000000d7500000, 0x0000000100000000)
  eden space 20992K, 100% used [0x00000000d5580000,0x00000000d6a00000,0x00000000d6a00000)
  from space 4096K, 88% used [0x00000000d7100000,0x00000000d748a038,0x00000000d7500000)
  to   space 5120K, 0% used [0x00000000d6b00000,0x00000000d6b00000,0x00000000d7000000)
 ParOldGen       total 1393664K, used 1393292K [0x0000000080000000, 0x00000000d5100000, 0x00000000d5580000)
  object space 1393664K, 99% used [0x0000000080000000,0x00000000d50a3378,0x00000000d5100000)
 Metaspace       used 97983K, committed 99456K, reserved 1179648K
  class space    used 9675K, committed 10368K, reserved 1048576K
GC Heap History (20 events):
Event: 83100.366 GC heap after
{Heap after GC invocations=2471 (full 7):
 PSYoungGen      total 20992K, used 2990K [0x00000000d5580000, 0x00000000d7080000, 0x0000000100000000)
  eden space 17920K, 0% used [0x00000000d5580000,0x00000000d5580000,0x00000000d6700000)
  from space 3072K, 97% used [0x00000000d6700000,0x00000000d69eba08,0x00000000d6a00000)
  to   space 3072K, 0% used [0x00000000d6d80000,0x00000000d6d80000,0x00000000d7080000)
 ParOldGen       total 1341952K, used 1341510K [0x0000000080000000, 0x00000000d1e80000, 0x00000000d5580000)
  object space 1341952K, 99% used [0x0000000080000000,0x00000000d1e11900,0x00000000d1e80000)
 Metaspace       used 97966K, committed 99456K, reserved 1179648K
  class space    used 9675K, committed 10368K, reserved 1048576K
}
Event: 83100.410 GC heap before
{Heap before GC invocations=2472 (full 7):
 PSYoungGen      total 20992K, used 20910K [0x00000000d5580000, 0x00000000d7080000, 0x0000000100000000)
  eden space 17920K, 100% used [0x00000000d5580000,0x00000000d6700000,0x00000000d6700000)
  from space 3072K, 97% used [0x00000000d6700000,0x00000000d69eba08,0x00000000d6a00000)
  to   space 3072K, 0% used [0x00000000d6d80000,0x00000000d6d80000,0x00000000d7080000)
 ParOldGen       total 1341952K, used 1341510K [0x0000000080000000, 0x00000000d1e80000, 0x00000000d5580000)
  object space 1341952K, 99% used [0x0000000080000000,0x00000000d1e11900,0x00000000d1e80000)
 Metaspace       used 97966K, committed 99456K, reserved 1179648K
  class space    used 9675K, committed 10368K, reserved 1048576K
}
Event: 83100.419 GC heap after
{Heap after GC invocations=2472 (full 7):
 PSYoungGen      total 24576K, used 2373K [0x00000000d5580000, 0x00000000d7080000, 0x0000000100000000)
  eden space 21504K, 0% used [0x00000000d5580000,0x00000000d5580000,0x00000000d6a80000)
  from space 3072K, 77% used [0x00000000d6d80000,0x00000000d6fd17d8,0x00000000d7080000)
  to   space 3072K, 0% used [0x00000000d6a80000,0x00000000d6a80000,0x00000000d6d80000)
 ParOldGen       total 1344512K, used 1344266K [0x0000000080000000, 0x00000000d2100000, 0x00000000d5580000)
  object space 1344512K, 99% used [0x0000000080000000,0x00000000d20c2a28,0x00000000d2100000)
 Metaspace       used 97966K, committed 99456K, reserved 1179648K
  class space    used 9675K, committed 10368K, reserved 1048576K
}
Event: 83100.479 GC heap before
{Heap before GC invocations=2473 (full 7):
 PSYoungGen      total 24576K, used 23877K [0x00000000d5580000, 0x00000000d7080000, 0x0000000100000000)
  eden space 21504K, 100% used [0x00000000d5580000,0x00000000d6a80000,0x00000000d6a80000)
  from space 3072K, 77% used [0x00000000d6d80000,0x00000000d6fd17d8,0x00000000d7080000)
  to   space 3072K, 0% used [0x00000000d6a80000,0x00000000d6a80000,0x00000000d6d80000)
 ParOldGen       total 1344512K, used 1344266K [0x0000000080000000, 0x00000000d2100000, 0x00000000d5580000)
  object space 1344512K, 99% used [0x0000000080000000,0x00000000d20c2a28,0x00000000d2100000)
 Metaspace       used 97968K, committed 99456K, reserved 1179648K
  class space    used 9675K, committed 10368K, reserved 1048576K
}
Event: 83100.499 GC heap after
{Heap after GC invocations=2473 (full 7):
 PSYoungGen      total 24576K, used 3062K [0x00000000d5580000, 0x00000000d8780000, 0x0000000100000000)
  eden space 21504K, 0% used [0x00000000d5580000,0x00000000d5580000,0x00000000d6a80000)
  from space 3072K, 99% used [0x00000000d6a80000,0x00000000d6d7db40,0x00000000d6d80000)
  to   space 12800K, 0% used [0x00000000d7b00000,0x00000000d7b00000,0x00000000d8780000)
 ParOldGen       total 1352704K, used 1352205K [0x0000000080000000, 0x00000000d2900000, 0x00000000d5580000)
  object space 1352704K, 99% used [0x0000000080000000,0x00000000d2883600,0x00000000d2900000)
 Metaspace       used 97968K, committed 99456K, reserved 1179648K
  class space    used 9675K, committed 10368K, reserved 1048576K
}
Event: 83100.683 GC heap before
{Heap before GC invocations=2474 (full 7):
 PSYoungGen      total 24576K, used 24566K [0x00000000d5580000, 0x00000000d8780000, 0x0000000100000000)
  eden space 21504K, 100% used [0x00000000d5580000,0x00000000d6a80000,0x00000000d6a80000)
  from space 3072K, 99% used [0x00000000d6a80000,0x00000000d6d7db40,0x00000000d6d80000)
  to   space 12800K, 0% used [0x00000000d7b00000,0x00000000d7b00000,0x00000000d8780000)
 ParOldGen       total 1352704K, used 1352205K [0x0000000080000000, 0x00000000d2900000, 0x00000000d5580000)
  object space 1352704K, 99% used [0x0000000080000000,0x00000000d2883600,0x00000000d2900000)
 Metaspace       used 97968K, committed 99456K, reserved 1179648K
  class space    used 9675K, committed 10368K, reserved 1048576K
}
Event: 83100.711 GC heap after
{Heap after GC invocations=2474 (full 7):
 PSYoungGen      total 32768K, used 6699K [0x00000000d5580000, 0x00000000d8200000, 0x0000000100000000)
  eden space 25600K, 0% used [0x00000000d5580000,0x00000000d5580000,0x00000000d6e80000)
  from space 7168K, 93% used [0x00000000d7b00000,0x00000000d818afd8,0x00000000d8200000)
  to   space 8704K, 0% used [0x00000000d7100000,0x00000000d7100000,0x00000000d7980000)
 ParOldGen       total 1357312K, used 1356673K [0x0000000080000000, 0x00000000d2d80000, 0x00000000d5580000)
  object space 1357312K, 99% used [0x0000000080000000,0x00000000d2ce0638,0x00000000d2d80000)
 Metaspace       used 97968K, committed 99456K, reserved 1179648K
  class space    used 9675K, committed 10368K, reserved 1048576K
}
Event: 83100.842 GC heap before
{Heap before GC invocations=2475 (full 7):
 PSYoungGen      total 32768K, used 32299K [0x00000000d5580000, 0x00000000d8200000, 0x0000000100000000)
  eden space 25600K, 100% used [0x00000000d5580000,0x00000000d6e80000,0x00000000d6e80000)
  from space 7168K, 93% used [0x00000000d7b00000,0x00000000d818afd8,0x00000000d8200000)
  to   space 8704K, 0% used [0x00000000d7100000,0x00000000d7100000,0x00000000d7980000)
 ParOldGen       total 1357312K, used 1356673K [0x0000000080000000, 0x00000000d2d80000, 0x00000000d5580000)
  object space 1357312K, 99% used [0x0000000080000000,0x00000000d2ce0638,0x00000000d2d80000)
 Metaspace       used 97969K, committed 99456K, reserved 1179648K
  class space    used 9675K, committed 10368K, reserved 1048576K
}
Event: 83100.874 GC heap after
{Heap after GC invocations=2475 (full 7):
 PSYoungGen      total 33280K, used 4781K [0x00000000d5580000, 0x00000000d7f00000, 0x0000000100000000)
  eden space 28160K, 0% used [0x00000000d5580000,0x00000000d5580000,0x00000000d7100000)
  from space 5120K, 93% used [0x00000000d7100000,0x00000000d75ab460,0x00000000d7600000)
  to   space 6144K, 0% used [0x00000000d7900000,0x00000000d7900000,0x00000000d7f00000)
 ParOldGen       total 1363968K, used 1363155K [0x0000000080000000, 0x00000000d3400000, 0x00000000d5580000)
  object space 1363968K, 99% used [0x0000000080000000,0x00000000d3334d58,0x00000000d3400000)
 Metaspace       used 97969K, committed 99456K, reserved 1179648K
  class space    used 9675K, committed 10368K, reserved 1048576K
}
Event: 83100.970 GC heap before
{Heap before GC invocations=2476 (full 7):
 PSYoungGen      total 33280K, used 32941K [0x00000000d5580000, 0x00000000d7f00000, 0x0000000100000000)
  eden space 28160K, 100% used [0x00000000d5580000,0x00000000d7100000,0x00000000d7100000)
  from space 5120K, 93% used [0x00000000d7100000,0x00000000d75ab460,0x00000000d7600000)
  to   space 6144K, 0% used [0x00000000d7900000,0x00000000d7900000,0x00000000d7f00000)
 ParOldGen       total 1363968K, used 1363155K [0x0000000080000000, 0x00000000d3400000, 0x00000000d5580000)
  object space 1363968K, 99% used [0x0000000080000000,0x00000000d3334d58,0x00000000d3400000)
 Metaspace       used 97979K, committed 99456K, reserved 1179648K
  class space    used 9675K, committed 10368K, reserved 1048576K
}
Event: 83100.989 GC heap after
{Heap after GC invocations=2476 (full 7):
 PSYoungGen      total 27648K, used 6131K [0x00000000d5580000, 0x00000000d8d80000, 0x0000000100000000)
  eden space 21504K, 0% used [0x00000000d5580000,0x00000000d5580000,0x00000000d6a80000)
  from space 6144K, 99% used [0x00000000d7900000,0x00000000d7efcfc8,0x00000000d7f00000)
  to   space 14848K, 0% used [0x00000000d6a80000,0x00000000d6a80000,0x00000000d7900000)
 ParOldGen       total 1370624K, used 1370115K [0x0000000080000000, 0x00000000d3a80000, 0x00000000d5580000)
  object space 1370624K, 99% used [0x0000000080000000,0x00000000d3a00c18,0x00000000d3a80000)
 Metaspace       used 97979K, committed 99456K, reserved 1179648K
  class space    used 9675K, committed 10368K, reserved 1048576K
}
Event: 83101.103 GC heap before
{Heap before GC invocations=2477 (full 7):
 PSYoungGen      total 27648K, used 27568K [0x00000000d5580000, 0x00000000d8d80000, 0x0000000100000000)
  eden space 21504K, 99% used [0x00000000d5580000,0x00000000d6a6f158,0x00000000d6a80000)
  from space 6144K, 99% used [0x00000000d7900000,0x00000000d7efcfc8,0x00000000d7f00000)
  to   space 14848K, 0% used [0x00000000d6a80000,0x00000000d6a80000,0x00000000d7900000)
 ParOldGen       total 1370624K, used 1370115K [0x0000000080000000, 0x00000000d3a80000, 0x00000000d5580000)
  object space 1370624K, 99% used [0x0000000080000000,0x00000000d3a00c18,0x00000000d3a80000)
 Metaspace       used 97982K, committed 99456K, reserved 1179648K
  class space    used 9675K, committed 10368K, reserved 1048576K
}
Event: 83101.128 GC heap after
{Heap after GC invocations=2477 (full 7):
 PSYoungGen      total 26112K, used 4437K [0x00000000d5580000, 0x00000000d7980000, 0x0000000100000000)
  eden space 21504K, 0% used [0x00000000d5580000,0x00000000d5580000,0x00000000d6a80000)
  from space 4608K, 96% used [0x00000000d6a80000,0x00000000d6ed5440,0x00000000d6f00000)
  to   space 7680K, 0% used [0x00000000d7200000,0x00000000d7200000,0x00000000d7980000)
 ParOldGen       total 1376256K, used 1376252K [0x0000000080000000, 0x00000000d4000000, 0x00000000d5580000)
  object space 1376256K, 99% used [0x0000000080000000,0x00000000d3fff2d8,0x00000000d4000000)
 Metaspace       used 97982K, committed 99456K, reserved 1179648K
  class space    used 9675K, committed 10368K, reserved 1048576K
}
Event: 83101.340 GC heap before
{Heap before GC invocations=2478 (full 7):
 PSYoungGen      total 26112K, used 25941K [0x00000000d5580000, 0x00000000d7980000, 0x0000000100000000)
  eden space 21504K, 100% used [0x00000000d5580000,0x00000000d6a80000,0x00000000d6a80000)
  from space 4608K, 96% used [0x00000000d6a80000,0x00000000d6ed5440,0x00000000d6f00000)
  to   space 7680K, 0% used [0x00000000d7200000,0x00000000d7200000,0x00000000d7980000)
 ParOldGen       total 1376256K, used 1376252K [0x0000000080000000, 0x00000000d4000000, 0x00000000d5580000)
  object space 1376256K, 99% used [0x0000000080000000,0x00000000d3fff2d8,0x00000000d4000000)
 Metaspace       used 97983K, committed 99456K, reserved 1179648K
  class space    used 9675K, committed 10368K, reserved 1048576K
}
Event: 83101.363 GC heap after
{Heap after GC invocations=2478 (full 7):
 PSYoungGen      total 28672K, used 7330K [0x00000000d5580000, 0x00000000d7a80000, 0x0000000100000000)
  eden space 20992K, 0% used [0x00000000d5580000,0x00000000d5580000,0x00000000d6a00000)
  from space 7680K, 95% used [0x00000000d7200000,0x00000000d7928b40,0x00000000d7980000)
  to   space 8192K, 0% used [0x00000000d6a00000,0x00000000d6a00000,0x00000000d7200000)
 ParOldGen       total 1380864K, used 1380437K [0x0000000080000000, 0x00000000d4480000, 0x00000000d5580000)
  object space 1380864K, 99% used [0x0000000080000000,0x00000000d4415640,0x00000000d4480000)
 Metaspace       used 97983K, committed 99456K, reserved 1179648K
  class space    used 9675K, committed 10368K, reserved 1048576K
}
Event: 83101.431 GC heap before
{Heap before GC invocations=2479 (full 7):
 PSYoungGen      total 28672K, used 28322K [0x00000000d5580000, 0x00000000d7a80000, 0x0000000100000000)
  eden space 20992K, 100% used [0x00000000d5580000,0x00000000d6a00000,0x00000000d6a00000)
  from space 7680K, 95% used [0x00000000d7200000,0x00000000d7928b40,0x00000000d7980000)
  to   space 8192K, 0% used [0x00000000d6a00000,0x00000000d6a00000,0x00000000d7200000)
 ParOldGen       total 1380864K, used 1380437K [0x0000000080000000, 0x00000000d4480000, 0x00000000d5580000)
  object space 1380864K, 99% used [0x0000000080000000,0x00000000d4415640,0x00000000d4480000)
 Metaspace       used 97983K, committed 99456K, reserved 1179648K
  class space    used 9675K, committed 10368K, reserved 1048576K
}
Event: 83101.452 GC heap after
{Heap after GC invocations=2479 (full 7):
 PSYoungGen      total 27648K, used 6585K [0x00000000d5580000, 0x00000000d7800000, 0x0000000100000000)
  eden space 20992K, 0% used [0x00000000d5580000,0x00000000d5580000,0x00000000d6a00000)
  from space 6656K, 98% used [0x00000000d6a00000,0x00000000d706e788,0x00000000d7080000)
  to   space 7168K, 0% used [0x00000000d7100000,0x00000000d7100000,0x00000000d7800000)
 ParOldGen       total 1387008K, used 1386788K [0x0000000080000000, 0x00000000d4a80000, 0x00000000d5580000)
  object space 1387008K, 99% used [0x0000000080000000,0x00000000d4a49030,0x00000000d4a80000)
 Metaspace       used 97983K, committed 99456K, reserved 1179648K
  class space    used 9675K, committed 10368K, reserved 1048576K
}
Event: 83101.535 GC heap before
{Heap before GC invocations=2480 (full 7):
 PSYoungGen      total 27648K, used 27577K [0x00000000d5580000, 0x00000000d7800000, 0x0000000100000000)
  eden space 20992K, 100% used [0x00000000d5580000,0x00000000d6a00000,0x00000000d6a00000)
  from space 6656K, 98% used [0x00000000d6a00000,0x00000000d706e788,0x00000000d7080000)
  to   space 7168K, 0% used [0x00000000d7100000,0x00000000d7100000,0x00000000d7800000)
 ParOldGen       total 1387008K, used 1386788K [0x0000000080000000, 0x00000000d4a80000, 0x00000000d5580000)
  object space 1387008K, 99% used [0x0000000080000000,0x00000000d4a49030,0x00000000d4a80000)
 Metaspace       used 97983K, committed 99456K, reserved 1179648K
  class space    used 9675K, committed 10368K, reserved 1048576K
}
Event: 83101.557 GC heap after
{Heap after GC invocations=2480 (full 7):
 PSYoungGen      total 25088K, used 3624K [0x00000000d5580000, 0x00000000d7500000, 0x0000000100000000)
  eden space 20992K, 0% used [0x00000000d5580000,0x00000000d5580000,0x00000000d6a00000)
  from space 4096K, 88% used [0x00000000d7100000,0x00000000d748a038,0x00000000d7500000)
  to   space 5120K, 0% used [0x00000000d6b00000,0x00000000d6b00000,0x00000000d7000000)
 ParOldGen       total 1393664K, used 1393292K [0x0000000080000000, 0x00000000d5100000, 0x00000000d5580000)
  object space 1393664K, 99% used [0x0000000080000000,0x00000000d50a3378,0x00000000d5100000)
 Metaspace       used 97983K, committed 99456K, reserved 1179648K
  class space    used 9675K, committed 10368K, reserved 1048576K
}
Event: 83101.625 GC heap before
{Heap before GC invocations=2481 (full 8):
 PSYoungGen      total 25088K, used 24616K [0x00000000d5580000, 0x00000000d7500000, 0x0000000100000000)
  eden space 20992K, 100% used [0x00000000d5580000,0x00000000d6a00000,0x00000000d6a00000)
  from space 4096K, 88% used [0x00000000d7100000,0x00000000d748a038,0x00000000d7500000)
  to   space 5120K, 0% used [0x00000000d6b00000,0x00000000d6b00000,0x00000000d7000000)
 ParOldGen       total 1393664K, used 1393292K [0x0000000080000000, 0x00000000d5100000, 0x00000000d5580000)
  object space 1393664K, 99% used [0x0000000080000000,0x00000000d50a3378,0x00000000d5100000)
 Metaspace       used 97983K, committed 99456K, reserved 1179648K
  class space    used 9675K, committed 10368K, reserved 1048576K
}

